This file contains any messages produced by compilers while
running configure, to aid debugging if configure makes a mistake.

It was created by libnl configure 3.2.25, which was
generated by GNU Autoconf 2.68.  Invocation command line was

  $ ./configure --host=arm CC=arm-histbv300-linux-gcc AR=arm-histbv300-linux-ar LD=arm-histbv300-linux-ld

## --------- ##
## Platform. ##
## --------- ##

hostname = key
uname -m = x86_64
uname -r = 3.13.0-63-generic
uname -s = Linux
uname -v = #103-Ubuntu SMP Fri Aug 14 21:42:59 UTC 2015

/usr/bin/uname -p = unknown
/bin/uname -X     = unknown

/bin/arch              = unknown
/usr/bin/arch -k       = unknown
/usr/convex/getsysinfo = unknown
/usr/bin/hostinfo      = unknown
/bin/machine           = unknown
/usr/bin/oslevel       = unknown
/bin/universe          = unknown

PATH: /home/os/wangrenzheng/stb/98mv200_4.4_qca6174_yanzheng/device/hisilicon/bigfish/prebuilts/toolchains/java-6-sun/bin
PATH: /home/os/wangrenzheng/stb/98mv200_4.4_qca6174_yanzheng/device/hisilicon/bigfish/sdk/tools/linux/toolchains/arm-histbv310-linux/bin
PATH: /home/os/wangrenzheng/stb/98mv200_4.4_qca6174_yanzheng/device/hisilicon/bigfish/sdk/tools/linux/toolchains/aarch64-histbv100-linux/bin
PATH: /home/os/wangrenzheng/stb/98mv200_4.4_qca6174_yanzheng/device/hisilicon/bigfish/sdk/tools/linux/utils/bin
PATH: /home/os/wangrenzheng/stb/98mv200_4.4_qca6174_yanzheng/out/host/linux-x86/bin
PATH: /home/os/wangrenzheng/stb/98mv200_4.4_qca6174_yanzheng/prebuilts/gcc/linux-x86/arm/arm-linux-androideabi-4.7/bin
PATH: /home/os/wangrenzheng/stb/98mv200_4.4_qca6174_yanzheng/prebuilts/gcc/linux-x86/arm/arm-eabi-4.7/bin
PATH: /home/os/wangrenzheng/stb/98mv200_4.4_qca6174_yanzheng/prebuilts/gcc/linux-x86/mips/mipsel-linux-android-4.7/bin
PATH: /home/os/wangrenzheng/stb/98mv200_4.4_qca6174_yanzheng/development/emulator/qtools
PATH: /home/os/wangrenzheng/stb/98mv200_4.4_qca6174_yanzheng/prebuilts/gcc/linux-x86/arm/arm-linux-androideabi-4.7/bin
PATH: /home/os/wangrenzheng/stb/98mv200_4.4_qca6174_yanzheng/prebuilts/gcc/linux-x86/arm/arm-eabi-4.7/bin
PATH: /home/os/wangrenzheng/stb/98mv200_4.4_qca6174_yanzheng/development/scripts
PATH: /home/os/wangrenzheng/stb/98mv200_4.4_qca6174_yanzheng/prebuilts/devtools/tools
PATH: /home/os/wangrenzheng/bin
PATH: /home/os/wangrenzheng/bin
PATH: /home/os/wangrenzheng/bin
PATH: /opt/hisi-linux/x86-arm/aarch64-hisiv610-linux/target/bin
PATH: /opt/hisi-linux/x86-arm/arm-hisiv610-linux/target/bin
PATH: /share/toolchains/arm-hisiv510-linux/target/bin
PATH: /opt/hisi-linux/x86-arm/arm-histbv310-linux/bin
PATH: /opt/hisi-linux/x86-arm/arm-hisiv200-linux/target/bin
PATH: /opt/hisi-linux/x86-arm/aarch64-histbv100-linux/bin
PATH: /opt/hisi-linux/x86-arm/aarch64-hisiv400-linux/bin
PATH: /share/toolchains/arm64-hisiv400-linux/bin
PATH: /share/toolchains/arm-hisiv500-linux/target/bin
PATH: /share/toolchains/arm-hisiv600-linux/target/bin
PATH: /opt/hisi-linux/x86-arm/arm-histbv300-linux/bin
PATH: /share/toolchains/arm-hisiv600-linux/target/bin
PATH: /share/toolchains/arm-hisiv510-linux/target/bin
PATH: /share/toolchains/arm-hisiv500-linux/target/bin
PATH: /share/toolchains/arm-hisiv400-linux/target/bin
PATH: /share/toolchains/arm-hisiv300-linux/target/bin
PATH: /share/toolchains/arm-hisiv200-linux/target/bin
PATH: /share/toolchains/arm-hisiv100-linux/target/bin
PATH: /usr/local/sbin
PATH: /usr/local/bin
PATH: /usr/sbin
PATH: /usr/bin
PATH: /sbin
PATH: /bin
PATH: /usr/games
PATH: /usr/local/games
PATH: /share/toolchains/gcc-linaro-aarch64-linux-gnu-4.9-2014.09_linux/bin


## ----------- ##
## Core tests. ##
## ----------- ##

configure:2186: checking for a BSD-compatible install
configure:2254: result: /usr/bin/install -c
configure:2265: checking whether build environment is sane
configure:2315: result: yes
configure:2364: checking for arm-strip
configure:2394: result: no
configure:2404: checking for strip
configure:2420: found /usr/bin/strip
configure:2431: result: strip
configure:2456: checking for a thread-safe mkdir -p
configure:2495: result: /bin/mkdir -p
configure:2508: checking for gawk
configure:2524: found /usr/bin/gawk
configure:2535: result: gawk
configure:2546: checking whether make sets $(MAKE)
configure:2568: result: yes
configure:2659: checking whether make supports nested variables
configure:2676: result: yes
configure:2699: checking for style of include used by make
configure:2727: result: GNU
configure:2758: checking for arm-gcc
configure:2785: result: arm-histbv300-linux-gcc
configure:3054: checking for C compiler version
configure:3063: arm-histbv300-linux-gcc --version >&5
arm-histbv300-linux-gcc (gcc-4.9.2 + eglibc-2.19 (Build by czyong) Mon Mar  9 14:14:50 CST 2015) 4.9.2 20140904 (prerelease)
Copyright (C) 2014 Free Software Foundation, Inc.
This is free software; see the source for copying conditions.  There is NO
warranty; not even for MERCHANTABILITY or FITNESS FOR A PARTICULAR PURPOSE.

configure:3074: $? = 0
configure:3063: arm-histbv300-linux-gcc -v >&5
Using built-in specs.
COLLECT_GCC=arm-histbv300-linux-gcc
COLLECT_LTO_WRAPPER=/opt/hisi-linux/x86-arm/arm-histbv300-linux/bin/../libexec/gcc/arm-gcc49-linux-gnueabi/4.9.2/lto-wrapper
Target: arm-gcc49-linux-gnueabi
Configured with: /home/czyong/arm-histbv300-linux_src/_src/gcc-linaro-4.9-2014.09/configure --build=i686-pc-linux-gnu --host=i686-pc-linux-gnu --target=arm-gcc49-linux-gnueabi --prefix=/home/czyong/arm-histbv300-linux_src/_install/arm-gcc49-linux-gnueabi --enable-threads --disable-libssp --disable-libmudflap --disable-libstdcxx-pch --with-gnu-as --with-gnu-ld --with-arch=armv7-a --enable-shared --enable-lto --enable-symvers=gnu --enable-__cxa_atexit --disable-libitm --disable-nls --enable-languages=c,c++ --enable-libgomp --enable-libatomic --with-specs='-mno-unaligned-access -fno-delete-null-pointer-checks -fdiagnostics-color=auto -mword-relocations -fno-aggressive-loop-optimizations -fno-tree-vrp' --with-build-sysroot=/home/czyong/arm-histbv300-linux_src/_install/arm-gcc49-linux-gnueabi/target --with-sysroot=/home/czyong/arm-histbv300-linux_src/_install/arm-gcc49-linux-gnueabi/target --with-cloog=/home/czyong/arm-histbv300-linux_src/_install/i686-pc-linux-gnu --with-gmp=/home/czyong/arm-histbv300-linux_src/_install/i686-pc-linux-gnu --with-mpc=/home/czyong/arm-histbv300-linux_src/_install/i686-pc-linux-gnu --with-mpfr=/home/czyong/arm-histbv300-linux_src/_install/i686-pc-linux-gnu --with-isl=/home/czyong/arm-histbv300-linux_src/_install/i686-pc-linux-gnu --enable-poison-system-directories --with-pkgversion='gcc-4.9.2 + eglibc-2.19 (Build by czyong) Mon Mar  9 14:14:50 CST 2015' --with-bugurl=http://www.hisilicon.com/cn/sitemap.html
Thread model: posix
gcc version 4.9.2 20140904 (prerelease) (gcc-4.9.2 + eglibc-2.19 (Build by czyong) Mon Mar  9 14:14:50 CST 2015) 
configure:3074: $? = 0
configure:3063: arm-histbv300-linux-gcc -V >&5
arm-histbv300-linux-gcc: error: unrecognized command line option '-V'
arm-histbv300-linux-gcc: fatal error: no input files
compilation terminated.
configure:3074: $? = 1
configure:3063: arm-histbv300-linux-gcc -qversion >&5
arm-histbv300-linux-gcc: error: unrecognized command line option '-qversion'
arm-histbv300-linux-gcc: fatal error: no input files
compilation terminated.
configure:3074: $? = 1
configure:3094: checking whether the C compiler works
configure:3116: arm-histbv300-linux-gcc    conftest.c  >&5
configure:3120: $? = 0
configure:3168: result: yes
configure:3171: checking for C compiler default output file name
configure:3173: result: a.out
configure:3179: checking for suffix of executables
configure:3186: arm-histbv300-linux-gcc -o conftest    conftest.c  >&5
configure:3190: $? = 0
configure:3212: result: 
configure:3234: checking whether we are cross compiling
configure:3242: arm-histbv300-linux-gcc -o conftest    conftest.c  >&5
configure:3246: $? = 0
configure:3253: ./conftest
/lib/ld-linux.so.3: No such file or directory
configure:3257: $? = 255
configure:3272: result: yes
configure:3277: checking for suffix of object files
configure:3299: arm-histbv300-linux-gcc -c   conftest.c >&5
configure:3303: $? = 0
configure:3324: result: o
configure:3328: checking whether we are using the GNU C compiler
configure:3347: arm-histbv300-linux-gcc -c   conftest.c >&5
configure:3347: $? = 0
configure:3356: result: yes
configure:3365: checking whether arm-histbv300-linux-gcc accepts -g
configure:3385: arm-histbv300-linux-gcc -c -g  conftest.c >&5
configure:3385: $? = 0
configure:3426: result: yes
configure:3443: checking for arm-histbv300-linux-gcc option to accept ISO C89
configure:3507: arm-histbv300-linux-gcc  -c -g -O2  conftest.c >&5
configure:3507: $? = 0
configure:3520: result: none needed
configure:3542: checking dependency style of arm-histbv300-linux-gcc
configure:3653: result: gcc3
configure:3674: checking for arm-ar
configure:3701: result: arm-histbv300-linux-ar
configure:3771: checking the archiver (arm-histbv300-linux-ar) interface
configure:3781: arm-histbv300-linux-gcc -c -g -O2  conftest.c >&5
configure:3781: $? = 0
configure:3783: arm-histbv300-linux-ar cru libconftest.a conftest.o >&5
configure:3786: $? = 0
configure:3809: result: ar
configure:3855: checking for arm-gcc
configure:3882: result: arm-histbv300-linux-gcc
configure:4151: checking for C compiler version
configure:4160: arm-histbv300-linux-gcc --version >&5
arm-histbv300-linux-gcc (gcc-4.9.2 + eglibc-2.19 (Build by czyong) Mon Mar  9 14:14:50 CST 2015) 4.9.2 20140904 (prerelease)
Copyright (C) 2014 Free Software Foundation, Inc.
This is free software; see the source for copying conditions.  There is NO
warranty; not even for MERCHANTABILITY or FITNESS FOR A PARTICULAR PURPOSE.

configure:4171: $? = 0
configure:4160: arm-histbv300-linux-gcc -v >&5
Using built-in specs.
COLLECT_GCC=arm-histbv300-linux-gcc
COLLECT_LTO_WRAPPER=/opt/hisi-linux/x86-arm/arm-histbv300-linux/bin/../libexec/gcc/arm-gcc49-linux-gnueabi/4.9.2/lto-wrapper
Target: arm-gcc49-linux-gnueabi
Configured with: /home/czyong/arm-histbv300-linux_src/_src/gcc-linaro-4.9-2014.09/configure --build=i686-pc-linux-gnu --host=i686-pc-linux-gnu --target=arm-gcc49-linux-gnueabi --prefix=/home/czyong/arm-histbv300-linux_src/_install/arm-gcc49-linux-gnueabi --enable-threads --disable-libssp --disable-libmudflap --disable-libstdcxx-pch --with-gnu-as --with-gnu-ld --with-arch=armv7-a --enable-shared --enable-lto --enable-symvers=gnu --enable-__cxa_atexit --disable-libitm --disable-nls --enable-languages=c,c++ --enable-libgomp --enable-libatomic --with-specs='-mno-unaligned-access -fno-delete-null-pointer-checks -fdiagnostics-color=auto -mword-relocations -fno-aggressive-loop-optimizations -fno-tree-vrp' --with-build-sysroot=/home/czyong/arm-histbv300-linux_src/_install/arm-gcc49-linux-gnueabi/target --with-sysroot=/home/czyong/arm-histbv300-linux_src/_install/arm-gcc49-linux-gnueabi/target --with-cloog=/home/czyong/arm-histbv300-linux_src/_install/i686-pc-linux-gnu --with-gmp=/home/czyong/arm-histbv300-linux_src/_install/i686-pc-linux-gnu --with-mpc=/home/czyong/arm-histbv300-linux_src/_install/i686-pc-linux-gnu --with-mpfr=/home/czyong/arm-histbv300-linux_src/_install/i686-pc-linux-gnu --with-isl=/home/czyong/arm-histbv300-linux_src/_install/i686-pc-linux-gnu --enable-poison-system-directories --with-pkgversion='gcc-4.9.2 + eglibc-2.19 (Build by czyong) Mon Mar  9 14:14:50 CST 2015' --with-bugurl=http://www.hisilicon.com/cn/sitemap.html
Thread model: posix
gcc version 4.9.2 20140904 (prerelease) (gcc-4.9.2 + eglibc-2.19 (Build by czyong) Mon Mar  9 14:14:50 CST 2015) 
configure:4171: $? = 0
configure:4160: arm-histbv300-linux-gcc -V >&5
arm-histbv300-linux-gcc: error: unrecognized command line option '-V'
arm-histbv300-linux-gcc: fatal error: no input files
compilation terminated.
configure:4171: $? = 1
configure:4160: arm-histbv300-linux-gcc -qversion >&5
arm-histbv300-linux-gcc: error: unrecognized command line option '-qversion'
arm-histbv300-linux-gcc: fatal error: no input files
compilation terminated.
configure:4171: $? = 1
configure:4175: checking whether we are using the GNU C compiler
configure:4203: result: yes
configure:4212: checking whether arm-histbv300-linux-gcc accepts -g
configure:4273: result: yes
configure:4290: checking for arm-histbv300-linux-gcc option to accept ISO C89
configure:4367: result: none needed
configure:4389: checking dependency style of arm-histbv300-linux-gcc
configure:4500: result: gcc3
configure:4516: checking whether arm-histbv300-linux-gcc and cc understand -c and -o together
configure:4547: arm-histbv300-linux-gcc -c conftest.c -o conftest2.o >&5
configure:4551: $? = 0
configure:4557: arm-histbv300-linux-gcc -c conftest.c -o conftest2.o >&5
configure:4561: $? = 0
configure:4572: cc -c conftest.c >&5
configure:4576: $? = 0
configure:4584: cc -c conftest.c -o conftest2.o >&5
configure:4588: $? = 0
configure:4594: cc -c conftest.c -o conftest2.o >&5
configure:4598: $? = 0
configure:4616: result: yes
configure:4671: checking build system type
configure:4685: result: x86_64-unknown-linux-gnu
configure:4705: checking host system type
configure:4718: result: arm-unknown-none
configure:4759: checking how to print strings
configure:4786: result: printf
configure:4807: checking for a sed that does not truncate output
configure:4871: result: /bin/sed
configure:4889: checking for grep that handles long lines and -e
configure:4947: result: /bin/grep
configure:4952: checking for egrep
configure:5014: result: /bin/grep -E
configure:5019: checking for fgrep
configure:5081: result: /bin/grep -F
configure:5116: checking for ld used by arm-histbv300-linux-gcc
configure:5183: result: arm-histbv300-linux-ld
configure:5190: checking if the linker (arm-histbv300-linux-ld) is GNU ld
configure:5205: result: yes
configure:5217: checking for BSD- or MS-compatible name lister (nm)
configure:5266: result: no
configure:5280: checking for arm-dumpbin
configure:5310: result: no
configure:5280: checking for arm-link
configure:5310: result: no
configure:5324: checking for dumpbin
configure:5354: result: no
configure:5324: checking for link
configure:5340: found /usr/bin/link
configure:5351: result: link -dump
configure:5367: WARNING: using cross tools not prefixed with host triplet
configure:5396: checking the name lister (nm) interface
configure:5403: arm-histbv300-linux-gcc -c -g -O2  conftest.c >&5
configure:5406: nm "conftest.o"
configure:5409: output
00000000 b $d
00000000 B some_variable
configure:5416: result: BSD nm
configure:5419: checking whether ln -s works
configure:5423: result: yes
configure:5431: checking the maximum length of command line arguments
configure:5561: result: 3458764513820540925
configure:5578: checking whether the shell understands some XSI constructs
configure:5588: result: yes
configure:5592: checking whether the shell understands "+="
configure:5598: result: yes
configure:5633: checking how to convert x86_64-unknown-linux-gnu file names to arm-unknown-none format
configure:5673: result: func_convert_file_noop
configure:5680: checking how to convert x86_64-unknown-linux-gnu file names to toolchain format
configure:5700: result: func_convert_file_noop
configure:5707: checking for arm-histbv300-linux-ld option to reload object files
configure:5714: result: -r
configure:5748: checking for arm-objdump
configure:5778: result: no
configure:5788: checking for objdump
configure:5804: found /usr/bin/objdump
configure:5815: result: objdump
configure:5847: checking how to recognize dependent libraries
configure:6049: result: unknown
configure:6094: checking for arm-dlltool
configure:6124: result: no
configure:6134: checking for dlltool
configure:6164: result: no
configure:6194: checking how to associate runtime and link libraries
configure:6221: result: printf %s\n
configure:6237: checking for arm-ar
configure:6264: result: arm-histbv300-linux-ar
configure:6345: checking for archiver @FILE support
configure:6362: arm-histbv300-linux-gcc -c -g -O2  conftest.c >&5
configure:6362: $? = 0
configure:6365: arm-histbv300-linux-ar cru libconftest.a @conftest.lst >&5
configure:6368: $? = 0
configure:6373: arm-histbv300-linux-ar cru libconftest.a @conftest.lst >&5
arm-histbv300-linux-ar: conftest.o: No such file or directory
configure:6376: $? = 1
configure:6388: result: @
configure:6406: checking for arm-strip
configure:6433: result: strip
configure:6505: checking for arm-ranlib
configure:6535: result: no
configure:6545: checking for ranlib
configure:6561: found /usr/bin/ranlib
configure:6572: result: ranlib
configure:6674: checking command to parse nm output from arm-histbv300-linux-gcc object
configure:6794: arm-histbv300-linux-gcc -c -g -O2  conftest.c >&5
configure:6797: $? = 0
configure:6801: nm conftest.o \| sed -n -e 's/^.*[ ]\([ABCDGIRSTW][ABCDGIRSTW]*\)[ ][ ]*\([_A-Za-z][_A-Za-z0-9]*\)$/\1 \2 \2/p' | sed '/ __gnu_lto/d' \> conftest.nm
configure:6804: $? = 0
configure:6870: arm-histbv300-linux-gcc -o conftest -g -O2   conftest.c conftstm.o >&5
configure:6873: $? = 0
configure:6911: result: ok
configure:6948: checking for sysroot
configure:6978: result: no
configure:7200: checking for arm-mt
configure:7230: result: no
configure:7240: checking for mt
configure:7256: found /bin/mt
configure:7267: result: mt
configure:7290: checking if mt is a manifest tool
configure:7296: mt '-?'
configure:7304: result: no
configure:7946: checking how to run the C preprocessor
configure:7977: arm-histbv300-linux-gcc -E  conftest.c
configure:7977: $? = 0
configure:7991: arm-histbv300-linux-gcc -E  conftest.c
conftest.c:11:28: fatal error: ac_nonexistent.h: No such file or directory
 #include <ac_nonexistent.h>
                            ^
compilation terminated.
configure:7991: $? = 1
configure: failed program was:
| /* confdefs.h */
| #define PACKAGE_NAME "libnl"
| #define PACKAGE_TARNAME "libnl"
| #define PACKAGE_VERSION "3.2.25"
| #define PACKAGE_STRING "libnl 3.2.25"
| #define PACKAGE_BUGREPORT ""
| #define PACKAGE_URL "http://www.infradead.org/~tgr/libnl/"
| #define PACKAGE "libnl"
| #define VERSION "3.2.25"
| /* end confdefs.h.  */
| #include <ac_nonexistent.h>
configure:8016: result: arm-histbv300-linux-gcc -E
configure:8036: arm-histbv300-linux-gcc -E  conftest.c
configure:8036: $? = 0
configure:8050: arm-histbv300-linux-gcc -E  conftest.c
conftest.c:11:28: fatal error: ac_nonexistent.h: No such file or directory
 #include <ac_nonexistent.h>
                            ^
compilation terminated.
configure:8050: $? = 1
configure: failed program was:
| /* confdefs.h */
| #define PACKAGE_NAME "libnl"
| #define PACKAGE_TARNAME "libnl"
| #define PACKAGE_VERSION "3.2.25"
| #define PACKAGE_STRING "libnl 3.2.25"
| #define PACKAGE_BUGREPORT ""
| #define PACKAGE_URL "http://www.infradead.org/~tgr/libnl/"
| #define PACKAGE "libnl"
| #define VERSION "3.2.25"
| /* end confdefs.h.  */
| #include <ac_nonexistent.h>
configure:8079: checking for ANSI C header files
configure:8099: arm-histbv300-linux-gcc -c -g -O2  conftest.c >&5
configure:8099: $? = 0
configure:8183: result: yes
configure:8196: checking for sys/types.h
configure:8196: arm-histbv300-linux-gcc -c -g -O2  conftest.c >&5
configure:8196: $? = 0
configure:8196: result: yes
configure:8196: checking for sys/stat.h
configure:8196: arm-histbv300-linux-gcc -c -g -O2  conftest.c >&5
configure:8196: $? = 0
configure:8196: result: yes
configure:8196: checking for stdlib.h
configure:8196: arm-histbv300-linux-gcc -c -g -O2  conftest.c >&5
configure:8196: $? = 0
configure:8196: result: yes
configure:8196: checking for string.h
configure:8196: arm-histbv300-linux-gcc -c -g -O2  conftest.c >&5
configure:8196: $? = 0
configure:8196: result: yes
configure:8196: checking for memory.h
configure:8196: arm-histbv300-linux-gcc -c -g -O2  conftest.c >&5
configure:8196: $? = 0
configure:8196: result: yes
configure:8196: checking for strings.h
configure:8196: arm-histbv300-linux-gcc -c -g -O2  conftest.c >&5
configure:8196: $? = 0
configure:8196: result: yes
configure:8196: checking for inttypes.h
configure:8196: arm-histbv300-linux-gcc -c -g -O2  conftest.c >&5
configure:8196: $? = 0
configure:8196: result: yes
configure:8196: checking for stdint.h
configure:8196: arm-histbv300-linux-gcc -c -g -O2  conftest.c >&5
configure:8196: $? = 0
configure:8196: result: yes
configure:8196: checking for unistd.h
configure:8196: arm-histbv300-linux-gcc -c -g -O2  conftest.c >&5
configure:8196: $? = 0
configure:8196: result: yes
configure:8210: checking for dlfcn.h
configure:8210: arm-histbv300-linux-gcc -c -g -O2  conftest.c >&5
configure:8210: $? = 0
configure:8210: result: yes
configure:8416: checking for objdir
configure:8431: result: .libs
configure:8702: checking if arm-histbv300-linux-gcc supports -fno-rtti -fno-exceptions
configure:8720: arm-histbv300-linux-gcc -c -g -O2  -fno-rtti -fno-exceptions conftest.c >&5
cc1: warning: command line option '-fno-rtti' is valid for C++/ObjC++ but not for C
configure:8724: $? = 0
configure:8737: result: no
configure:9064: checking for arm-histbv300-linux-gcc option to produce PIC
configure:9071: result: -fPIC -DPIC
configure:9079: checking if arm-histbv300-linux-gcc PIC flag -fPIC -DPIC works
configure:9097: arm-histbv300-linux-gcc -c -g -O2  -fPIC -DPIC -DPIC conftest.c >&5
configure:9101: $? = 0
configure:9114: result: yes
configure:9143: checking if arm-histbv300-linux-gcc static flag -static works
configure:9171: result: yes
configure:9186: checking if arm-histbv300-linux-gcc supports -c -o file.o
configure:9207: arm-histbv300-linux-gcc -c -g -O2  -o out/conftest2.o conftest.c >&5
configure:9211: $? = 0
configure:9233: result: yes
configure:9241: checking if arm-histbv300-linux-gcc supports -c -o file.o
configure:9288: result: yes
configure:9321: checking whether the arm-histbv300-linux-gcc linker (arm-histbv300-linux-ld) supports shared libraries
configure:10474: result: yes
configure:10511: checking whether -lc should be explicitly linked in
configure:10519: arm-histbv300-linux-gcc -c -g -O2  conftest.c >&5
configure:10522: $? = 0
configure:10537: arm-histbv300-linux-gcc -shared  -fPIC -DPIC conftest.o  -v -Wl,-soname -Wl,conftest -o conftest 2\>\&1 \| /bin/grep  -lc  \>/dev/null 2\>\&1
configure:10540: $? = 0
configure:10554: result: no
configure:10714: checking dynamic linker characteristics
configure:11451: result: no
configure:11558: checking how to hardcode library paths into programs
configure:11583: result: immediate
configure:12123: checking whether stripping libraries is possible
configure:12128: result: yes
configure:12163: checking if libtool supports shared libraries
configure:12165: result: no
configure:12168: checking whether to build shared libraries
configure:12189: result: no
configure:12192: checking whether to build static libraries
configure:12196: result: yes
configure:12238: checking for flex
configure:12254: found /usr/bin/flex
configure:12265: result: flex
configure:12280: checking for bison
configure:12296: found /usr/bin/bison
configure:12307: result: bison -y
configure:12319: checking for an ANSI C-conforming const
configure:12384: arm-histbv300-linux-gcc -c -g -O2  conftest.c >&5
configure:12384: $? = 0
configure:12391: result: yes
configure:12399: checking for inline
configure:12415: arm-histbv300-linux-gcc -c -g -O2  conftest.c >&5
configure:12415: $? = 0
configure:12423: result: inline
configure:12453: checking for arm-pkg-config
configure:12486: result: no
configure:12496: checking for pkg-config
configure:12514: found /usr/bin/pkg-config
configure:12526: result: /usr/bin/pkg-config
configure:12551: checking pkg-config is at least version 0.9.0
configure:12554: result: yes
configure:12564: checking for CHECK
configure:12571: $PKG_CONFIG --exists --print-errors "check >= 0.9.0"
Package check was not found in the pkg-config search path.
Perhaps you should add the directory containing `check.pc'
to the PKG_CONFIG_PATH environment variable
No package 'check' found
configure:12574: $? = 1
configure:12588: $PKG_CONFIG --exists --print-errors "check >= 0.9.0"
Package check was not found in the pkg-config search path.
Perhaps you should add the directory containing `check.pc'
to the PKG_CONFIG_PATH environment variable
No package 'check' found
configure:12591: $? = 1
configure:12605: result: no
No package 'check' found
configure:12621: WARNING: *** Disabling building of unit tests
configure:12705: checking for pow in -lm
configure:12730: arm-histbv300-linux-gcc -o conftest -g -O2   conftest.c -lm   >&5
conftest.c:30:6: warning: conflicting types for built-in function 'pow'
 char pow ();
      ^
configure:12730: $? = 0
configure:12739: result: yes
configure:12758: checking for pthread_mutex_lock in -lpthread
configure:12783: arm-histbv300-linux-gcc -o conftest -g -O2   conftest.c -lpthread  -lm  >&5
configure:12783: $? = 0
configure:12792: result: yes
configure:12986: creating ./config.status

## ---------------------- ##
## Running config.status. ##
## ---------------------- ##

This file was extended by libnl config.status 3.2.25, which was
generated by GNU Autoconf 2.68.  Invocation command line was

  CONFIG_FILES    = 
  CONFIG_HEADERS  = 
  CONFIG_LINKS    = 
  CONFIG_COMMANDS = 
  $ ./config.status 

on key

config.status:1144: creating Makefile
config.status:1144: creating libnl.sym
config.status:1144: creating libnl-3.0.pc
config.status:1144: creating libnl-route-3.0.pc
config.status:1144: creating libnl-genl-3.0.pc
config.status:1144: creating libnl-nf-3.0.pc
config.status:1144: creating libnl-cli-3.0.pc
config.status:1144: creating lib/Makefile
config.status:1144: creating include/Makefile
config.status:1144: creating src/Makefile
config.status:1144: creating src/lib/Makefile
config.status:1144: creating tests/Makefile
config.status:1144: creating man/Makefile
config.status:1144: creating python/Makefile
config.status:1144: creating python/setup.py
config.status:1144: creating python/doc/Makefile
config.status:1144: creating python/examples/Makefile
config.status:1144: creating python/netlink/Makefile
config.status:1144: creating python/netlink/genl/Makefile
config.status:1144: creating python/netlink/route/Makefile
config.status:1144: creating python/tests/Makefile
config.status:1144: creating include/netlink/version.h
config.status:1144: creating lib/defs.h
config.status:1325: lib/defs.h is unchanged
config.status:1373: executing depfiles commands
config.status:1373: executing libtool commands

## ---------------- ##
## Cache variables. ##
## ---------------- ##

ac_cv_build=x86_64-unknown-linux-gnu
ac_cv_c_compiler_gnu=yes
ac_cv_c_const=yes
ac_cv_c_inline=inline
ac_cv_env_CC_set=set
ac_cv_env_CC_value=arm-histbv300-linux-gcc
ac_cv_env_CFLAGS_set=
ac_cv_env_CFLAGS_value=
ac_cv_env_CHECK_CFLAGS_set=
ac_cv_env_CHECK_CFLAGS_value=
ac_cv_env_CHECK_LIBS_set=
ac_cv_env_CHECK_LIBS_value=
ac_cv_env_CPPFLAGS_set=
ac_cv_env_CPPFLAGS_value=
ac_cv_env_CPP_set=
ac_cv_env_CPP_value=
ac_cv_env_LDFLAGS_set=
ac_cv_env_LDFLAGS_value=
ac_cv_env_LIBS_set=
ac_cv_env_LIBS_value=
ac_cv_env_PKG_CONFIG_LIBDIR_set=
ac_cv_env_PKG_CONFIG_LIBDIR_value=
ac_cv_env_PKG_CONFIG_PATH_set=
ac_cv_env_PKG_CONFIG_PATH_value=
ac_cv_env_PKG_CONFIG_set=
ac_cv_env_PKG_CONFIG_value=
ac_cv_env_build_alias_set=
ac_cv_env_build_alias_value=
ac_cv_env_host_alias_set=set
ac_cv_env_host_alias_value=arm
ac_cv_env_target_alias_set=
ac_cv_env_target_alias_value=
ac_cv_header_dlfcn_h=yes
ac_cv_header_inttypes_h=yes
ac_cv_header_memory_h=yes
ac_cv_header_stdc=yes
ac_cv_header_stdint_h=yes
ac_cv_header_stdlib_h=yes
ac_cv_header_string_h=yes
ac_cv_header_strings_h=yes
ac_cv_header_sys_stat_h=yes
ac_cv_header_sys_types_h=yes
ac_cv_header_unistd_h=yes
ac_cv_host=arm-unknown-none
ac_cv_lib_m_pow=yes
ac_cv_lib_pthread_pthread_mutex_lock=yes
ac_cv_objext=o
ac_cv_path_EGREP='/bin/grep -E'
ac_cv_path_FGREP='/bin/grep -F'
ac_cv_path_GREP=/bin/grep
ac_cv_path_SED=/bin/sed
ac_cv_path_ac_pt_PKG_CONFIG=/usr/bin/pkg-config
ac_cv_path_install='/usr/bin/install -c'
ac_cv_path_mkdir=/bin/mkdir
ac_cv_prog_AR=arm-histbv300-linux-ar
ac_cv_prog_AWK=gawk
ac_cv_prog_CC=arm-histbv300-linux-gcc
ac_cv_prog_CPP='arm-histbv300-linux-gcc -E'
ac_cv_prog_FLEX=flex
ac_cv_prog_STRIP=strip
ac_cv_prog_YACC='bison -y'
ac_cv_prog_ac_ct_DUMPBIN='link -dump'
ac_cv_prog_ac_ct_MANIFEST_TOOL=mt
ac_cv_prog_ac_ct_OBJDUMP=objdump
ac_cv_prog_ac_ct_RANLIB=ranlib
ac_cv_prog_ac_ct_STRIP=strip
ac_cv_prog_cc_arm_histbv300_linux_gcc_c_o=yes
ac_cv_prog_cc_c89=
ac_cv_prog_cc_g=yes
ac_cv_prog_make_make_set=yes
am_cv_CC_dependencies_compiler_type=gcc3
am_cv_ar_interface=ar
am_cv_make_support_nested_variables=yes
lt_cv_ar_at_file=@
lt_cv_archive_cmds_need_lc=no
lt_cv_deplibs_check_method=unknown
lt_cv_file_magic_cmd='$MAGIC_CMD'
lt_cv_file_magic_test_file=
lt_cv_ld_reload_flag=-r
lt_cv_nm_interface='BSD nm'
lt_cv_objdir=.libs
lt_cv_path_LD=arm-histbv300-linux-ld
lt_cv_path_NM=no
lt_cv_path_mainfest_tool=no
lt_cv_prog_compiler_c_o=yes
lt_cv_prog_compiler_pic='-fPIC -DPIC'
lt_cv_prog_compiler_pic_works=yes
lt_cv_prog_compiler_rtti_exceptions=no
lt_cv_prog_compiler_static_works=yes
lt_cv_prog_gnu_ld=yes
lt_cv_sharedlib_from_linklib_cmd='printf %s\n'
lt_cv_sys_global_symbol_pipe='sed -n -e '\''s/^.*[	 ]\([ABCDGIRSTW][ABCDGIRSTW]*\)[	 ][	 ]*\([_A-Za-z][_A-Za-z0-9]*\)$/\1 \2 \2/p'\'' | sed '\''/ __gnu_lto/d'\'''
lt_cv_sys_global_symbol_to_c_name_address='sed -n -e '\''s/^: \([^ ]*\)[ ]*$/  {\"\1\", (void *) 0},/p'\'' -e '\''s/^[ABCDGIRSTW]* \([^ ]*\) \([^ ]*\)$/  {"\2", (void *) \&\2},/p'\'''
lt_cv_sys_global_symbol_to_c_name_address_lib_prefix='sed -n -e '\''s/^: \([^ ]*\)[ ]*$/  {\"\1\", (void *) 0},/p'\'' -e '\''s/^[ABCDGIRSTW]* \([^ ]*\) \(lib[^ ]*\)$/  {"\2", (void *) \&\2},/p'\'' -e '\''s/^[ABCDGIRSTW]* \([^ ]*\) \([^ ]*\)$/  {"lib\2", (void *) \&\2},/p'\'''
lt_cv_sys_global_symbol_to_cdecl='sed -n -e '\''s/^T .* \(.*\)$/extern int \1();/p'\'' -e '\''s/^[ABCDGIRSTW]* .* \(.*\)$/extern char \1;/p'\'''
lt_cv_sys_max_cmd_len=3458764513820540925
lt_cv_to_host_file_cmd=func_convert_file_noop
lt_cv_to_tool_file_cmd=func_convert_file_noop

## ----------------- ##
## Output variables. ##
## ----------------- ##

ACLOCAL='${SHELL} /home/os/wangrenzheng/stb/98mv200_4.4_qca6174_yanzheng/device/hisilicon/bigfish/sdk/source/component/wifi/drv/pcie_qca6174/myftm/libnl-3.2.25/build-aux/missing --run aclocal-1.11'
AMDEPBACKSLASH='\'
AMDEP_FALSE='#'
AMDEP_TRUE=''
AMTAR='$${TAR-tar}'
AM_BACKSLASH='\'
AM_DEFAULT_V='$(AM_DEFAULT_VERBOSITY)'
AM_DEFAULT_VERBOSITY='0'
AM_V='$(V)'
AR='arm-histbv300-linux-ar'
AUTOCONF='${SHELL} /home/os/wangrenzheng/stb/98mv200_4.4_qca6174_yanzheng/device/hisilicon/bigfish/sdk/source/component/wifi/drv/pcie_qca6174/myftm/libnl-3.2.25/build-aux/missing --run autoconf'
AUTOHEADER='${SHELL} /home/os/wangrenzheng/stb/98mv200_4.4_qca6174_yanzheng/device/hisilicon/bigfish/sdk/source/component/wifi/drv/pcie_qca6174/myftm/libnl-3.2.25/build-aux/missing --run autoheader'
AUTOMAKE='${SHELL} /home/os/wangrenzheng/stb/98mv200_4.4_qca6174_yanzheng/device/hisilicon/bigfish/sdk/source/component/wifi/drv/pcie_qca6174/myftm/libnl-3.2.25/build-aux/missing --run automake-1.11'
AWK='gawk'
CC='arm-histbv300-linux-gcc'
CCDEPMODE='depmode=gcc3'
CFLAGS='-g -O2'
CHECK_CFLAGS=''
CHECK_LIBS=''
CPP='arm-histbv300-linux-gcc -E'
CPPFLAGS=''
CYGPATH_W='echo'
DEFS='-DHAVE_CONFIG_H'
DEPDIR='.deps'
DISABLE_PTHREADS_FALSE=''
DISABLE_PTHREADS_TRUE='#'
DLLTOOL='false'
DSYMUTIL=''
DUMPBIN=':'
ECHO_C=''
ECHO_N='-n'
ECHO_T=''
EGREP='/bin/grep -E'
ENABLE_CLI_FALSE='#'
ENABLE_CLI_TRUE=''
ENABLE_DEBUG_FALSE=''
ENABLE_DEBUG_TRUE='#'
ENABLE_UNIT_TESTS_FALSE=''
ENABLE_UNIT_TESTS_TRUE='#'
EXEEXT=''
FGREP='/bin/grep -F'
FLEX='flex'
GREP='/bin/grep'
INSTALL_DATA='${INSTALL} -m 644'
INSTALL_PROGRAM='${INSTALL}'
INSTALL_SCRIPT='${INSTALL}'
INSTALL_STRIP_PROGRAM='$(install_sh) -c -s'
LD='arm-histbv300-linux-ld'
LDFLAGS=''
LIBNL_VERSION='3.2.25'
LIBOBJS=''
LIBS='-lpthread -lm '
LIBTOOL='$(SHELL) $(top_builddir)/libtool'
LIPO=''
LN_S='ln -s'
LTLIBOBJS=''
LT_AGE='20'
LT_CURRENT='220'
LT_REVISION='0'
MAJ_VERSION='3'
MAKEINFO='${SHELL} /home/os/wangrenzheng/stb/98mv200_4.4_qca6174_yanzheng/device/hisilicon/bigfish/sdk/source/component/wifi/drv/pcie_qca6174/myftm/libnl-3.2.25/build-aux/missing --run makeinfo'
MANIFEST_TOOL=':'
MIC_VERSION='25'
MIN_VERSION='2'
MKDIR_P='/bin/mkdir -p'
NM='nm'
NMEDIT=''
OBJDUMP='objdump'
OBJEXT='o'
OTOOL64=''
OTOOL=''
PACKAGE='libnl'
PACKAGE_BUGREPORT=''
PACKAGE_NAME='libnl'
PACKAGE_STRING='libnl 3.2.25'
PACKAGE_TARNAME='libnl'
PACKAGE_URL='http://www.infradead.org/~tgr/libnl/'
PACKAGE_VERSION='3.2.25'
PATH_SEPARATOR=':'
PKG_CONFIG='/usr/bin/pkg-config'
PKG_CONFIG_LIBDIR=''
PKG_CONFIG_PATH=''
RANLIB='ranlib'
SED='/bin/sed'
SET_MAKE=''
SHELL='/bin/sh'
STRIP='strip'
VERSION='3.2.25'
YACC='bison -y'
ac_ct_AR=''
ac_ct_CC=''
ac_ct_DUMPBIN='link -dump'
am__EXEEXT_FALSE=''
am__EXEEXT_TRUE='#'
am__fastdepCC_FALSE='#'
am__fastdepCC_TRUE=''
am__include='include'
am__isrc=''
am__leading_dot='.'
am__nodep='_no'
am__quote=''
am__tar='$${TAR-tar} chof - "$$tardir"'
am__untar='$${TAR-tar} xf -'
bindir='${exec_prefix}/bin'
build='x86_64-unknown-linux-gnu'
build_alias=''
build_cpu='x86_64'
build_os='linux-gnu'
build_vendor='unknown'
datadir='${datarootdir}'
datarootdir='${prefix}/share'
docdir='${datarootdir}/doc/${PACKAGE_TARNAME}'
dvidir='${docdir}'
exec_prefix='${prefix}'
host='arm-unknown-none'
host_alias='arm'
host_cpu='arm'
host_os='none'
host_vendor='unknown'
htmldir='${docdir}'
includedir='${prefix}/include'
infodir='${datarootdir}/info'
install_sh='${SHELL} /home/os/wangrenzheng/stb/98mv200_4.4_qca6174_yanzheng/device/hisilicon/bigfish/sdk/source/component/wifi/drv/pcie_qca6174/myftm/libnl-3.2.25/build-aux/install-sh'
libdir='${exec_prefix}/lib'
libexecdir='${exec_prefix}/libexec'
localedir='${datarootdir}/locale'
localstatedir='${prefix}/var'
mandir='${datarootdir}/man'
mkdir_p='/bin/mkdir -p'
oldincludedir='/usr/include'
pdfdir='${docdir}'
pkgconfigdir='${libdir}/pkgconfig'
prefix='/usr/local'
program_transform_name='s,x,x,'
psdir='${docdir}'
sbindir='${exec_prefix}/sbin'
sharedstatedir='${prefix}/com'
subdirs=' doc'
sysconfdir='${prefix}/etc'
target_alias=''

## ----------- ##
## confdefs.h. ##
## ----------- ##

/* confdefs.h */
#define PACKAGE_NAME "libnl"
#define PACKAGE_TARNAME "libnl"
#define PACKAGE_VERSION "3.2.25"
#define PACKAGE_STRING "libnl 3.2.25"
#define PACKAGE_BUGREPORT ""
#define PACKAGE_URL "http://www.infradead.org/~tgr/libnl/"
#define PACKAGE "libnl"
#define VERSION "3.2.25"
#define STDC_HEADERS 1
#define HAVE_SYS_TYPES_H 1
#define HAVE_SYS_STAT_H 1
#define HAVE_STDLIB_H 1
#define HAVE_STRING_H 1
#define HAVE_MEMORY_H 1
#define HAVE_STRINGS_H 1
#define HAVE_INTTYPES_H 1
#define HAVE_STDINT_H 1
#define HAVE_UNISTD_H 1
#define HAVE_DLFCN_H 1
#define LT_OBJDIR ".libs/"
#define HAVE_LIBM 1
#define HAVE_LIBPTHREAD 1
#define NL_DEBUG 1

configure: exit 0
